13:38:40.812 [main] DEBUG org.testng.TestNG -suiteXmlPath: "C:\Users\Lenovo\Downloads\OpenCart1\master.xml"
13:38:41.222 [main] INFO  org.testng.internal.Utils -[TestNG] Running:
  C:\Users\Lenovo\Downloads\OpenCart1\master.xml

13:39:07.787 [main] DEBUG org.apache.poi.openxml4j.opc.PackageRelationshipCollection -Parsing relationship: /xl/_rels/workbook.xml.rels
13:39:07.792 [main] DEBUG org.apache.poi.openxml4j.opc.PackageRelationshipCollection -Parsing relationship: /xl/worksheets/_rels/sheet1.xml.rels
13:39:07.795 [main] DEBUG org.apache.poi.openxml4j.opc.PackageRelationshipCollection -Parsing relationship: /_rels/.rels
13:39:08.527 [main] DEBUG org.apache.poi.openxml4j.opc.PackageRelationshipCollection -Parsing relationship: /xl/_rels/workbook.xml.rels
13:39:08.529 [main] DEBUG org.apache.poi.openxml4j.opc.PackageRelationshipCollection -Parsing relationship: /xl/worksheets/_rels/sheet1.xml.rels
13:39:08.531 [main] DEBUG org.apache.poi.openxml4j.opc.PackageRelationshipCollection -Parsing relationship: /_rels/.rels
13:39:08.583 [main] DEBUG org.apache.poi.openxml4j.opc.PackageRelationshipCollection -Parsing relationship: /xl/_rels/workbook.xml.rels
13:39:08.584 [main] DEBUG org.apache.poi.openxml4j.opc.PackageRelationshipCollection -Parsing relationship: /xl/worksheets/_rels/sheet1.xml.rels
13:39:08.587 [main] DEBUG org.apache.poi.openxml4j.opc.PackageRelationshipCollection -Parsing relationship: /_rels/.rels
13:39:08.649 [main] DEBUG org.apache.poi.openxml4j.opc.PackageRelationshipCollection -Parsing relationship: /xl/_rels/workbook.xml.rels
13:39:08.651 [main] DEBUG org.apache.poi.openxml4j.opc.PackageRelationshipCollection -Parsing relationship: /xl/worksheets/_rels/sheet1.xml.rels
13:39:08.656 [main] DEBUG org.apache.poi.openxml4j.opc.PackageRelationshipCollection -Parsing relationship: /_rels/.rels
13:39:08.712 [main] DEBUG org.apache.poi.openxml4j.opc.PackageRelationshipCollection -Parsing relationship: /xl/_rels/workbook.xml.rels
13:39:08.714 [main] DEBUG org.apache.poi.openxml4j.opc.PackageRelationshipCollection -Parsing relationship: /xl/worksheets/_rels/sheet1.xml.rels
13:39:08.717 [main] DEBUG org.apache.poi.openxml4j.opc.PackageRelationshipCollection -Parsing relationship: /_rels/.rels
13:39:08.874 [main] DEBUG org.apache.poi.openxml4j.opc.PackageRelationshipCollection -Parsing relationship: /xl/_rels/workbook.xml.rels
13:39:08.879 [main] DEBUG org.apache.poi.openxml4j.opc.PackageRelationshipCollection -Parsing relationship: /xl/worksheets/_rels/sheet1.xml.rels
13:39:08.881 [main] DEBUG org.apache.poi.openxml4j.opc.PackageRelationshipCollection -Parsing relationship: /_rels/.rels
13:39:09.046 [main] DEBUG org.apache.poi.openxml4j.opc.PackageRelationshipCollection -Parsing relationship: /xl/_rels/workbook.xml.rels
13:39:09.051 [main] DEBUG org.apache.poi.openxml4j.opc.PackageRelationshipCollection -Parsing relationship: /xl/worksheets/_rels/sheet1.xml.rels
13:39:09.055 [main] DEBUG org.apache.poi.openxml4j.opc.PackageRelationshipCollection -Parsing relationship: /_rels/.rels
13:39:09.222 [main] DEBUG org.apache.poi.openxml4j.opc.PackageRelationshipCollection -Parsing relationship: /xl/_rels/workbook.xml.rels
13:39:09.225 [main] DEBUG org.apache.poi.openxml4j.opc.PackageRelationshipCollection -Parsing relationship: /xl/worksheets/_rels/sheet1.xml.rels
13:39:09.227 [main] DEBUG org.apache.poi.openxml4j.opc.PackageRelationshipCollection -Parsing relationship: /_rels/.rels
13:39:09.305 [main] DEBUG org.apache.poi.openxml4j.opc.PackageRelationshipCollection -Parsing relationship: /xl/_rels/workbook.xml.rels
13:39:09.306 [main] DEBUG org.apache.poi.openxml4j.opc.PackageRelationshipCollection -Parsing relationship: /xl/worksheets/_rels/sheet1.xml.rels
13:39:09.307 [main] DEBUG org.apache.poi.openxml4j.opc.PackageRelationshipCollection -Parsing relationship: /_rels/.rels
13:39:09.408 [main] DEBUG org.apache.poi.openxml4j.opc.PackageRelationshipCollection -Parsing relationship: /xl/_rels/workbook.xml.rels
13:39:09.410 [main] DEBUG org.apache.poi.openxml4j.opc.PackageRelationshipCollection -Parsing relationship: /xl/worksheets/_rels/sheet1.xml.rels
13:39:09.411 [main] DEBUG org.apache.poi.openxml4j.opc.PackageRelationshipCollection -Parsing relationship: /_rels/.rels
13:39:09.504 [main] DEBUG org.apache.poi.openxml4j.opc.PackageRelationshipCollection -Parsing relationship: /xl/_rels/workbook.xml.rels
13:39:09.507 [main] DEBUG org.apache.poi.openxml4j.opc.PackageRelationshipCollection -Parsing relationship: /xl/worksheets/_rels/sheet1.xml.rels
13:39:09.508 [main] DEBUG org.apache.poi.openxml4j.opc.PackageRelationshipCollection -Parsing relationship: /_rels/.rels
13:39:09.597 [main] DEBUG org.apache.poi.openxml4j.opc.PackageRelationshipCollection -Parsing relationship: /xl/_rels/workbook.xml.rels
13:39:09.598 [main] DEBUG org.apache.poi.openxml4j.opc.PackageRelationshipCollection -Parsing relationship: /xl/worksheets/_rels/sheet1.xml.rels
13:39:09.600 [main] DEBUG org.apache.poi.openxml4j.opc.PackageRelationshipCollection -Parsing relationship: /_rels/.rels
13:39:09.710 [main] DEBUG org.apache.poi.openxml4j.opc.PackageRelationshipCollection -Parsing relationship: /xl/_rels/workbook.xml.rels
13:39:09.711 [main] DEBUG org.apache.poi.openxml4j.opc.PackageRelationshipCollection -Parsing relationship: /xl/worksheets/_rels/sheet1.xml.rels
13:39:09.713 [main] DEBUG org.apache.poi.openxml4j.opc.PackageRelationshipCollection -Parsing relationship: /_rels/.rels
13:39:09.772 [main] DEBUG org.apache.poi.openxml4j.opc.PackageRelationshipCollection -Parsing relationship: /xl/_rels/workbook.xml.rels
13:39:09.773 [main] DEBUG org.apache.poi.openxml4j.opc.PackageRelationshipCollection -Parsing relationship: /xl/worksheets/_rels/sheet1.xml.rels
13:39:09.774 [main] DEBUG org.apache.poi.openxml4j.opc.PackageRelationshipCollection -Parsing relationship: /_rels/.rels
13:39:09.838 [main] DEBUG org.apache.poi.openxml4j.opc.PackageRelationshipCollection -Parsing relationship: /xl/_rels/workbook.xml.rels
13:39:09.839 [main] DEBUG org.apache.poi.openxml4j.opc.PackageRelationshipCollection -Parsing relationship: /xl/worksheets/_rels/sheet1.xml.rels
13:39:09.841 [main] DEBUG org.apache.poi.openxml4j.opc.PackageRelationshipCollection -Parsing relationship: /_rels/.rels
13:39:09.939 [main] DEBUG org.apache.poi.openxml4j.opc.PackageRelationshipCollection -Parsing relationship: /xl/_rels/workbook.xml.rels
13:39:09.940 [main] DEBUG org.apache.poi.openxml4j.opc.PackageRelationshipCollection -Parsing relationship: /xl/worksheets/_rels/sheet1.xml.rels
13:39:09.941 [main] DEBUG org.apache.poi.openxml4j.opc.PackageRelationshipCollection -Parsing relationship: /_rels/.rels
13:39:10.045 [main] DEBUG org.apache.poi.openxml4j.opc.PackageRelationshipCollection -Parsing relationship: /xl/_rels/workbook.xml.rels
13:39:10.046 [main] DEBUG org.apache.poi.openxml4j.opc.PackageRelationshipCollection -Parsing relationship: /xl/worksheets/_rels/sheet1.xml.rels
13:39:10.049 [main] DEBUG org.apache.poi.openxml4j.opc.PackageRelationshipCollection -Parsing relationship: /_rels/.rels
13:39:10.100 [main] INFO  testCases.TC003_LoginDDT -***** Starting TC003_LoginDDT *****
13:39:16.808 [main] INFO  testCases.TC003_LoginDDT -Login test passed
13:39:17.393 [main] INFO  testCases.TC003_LoginDDT -***** Ending TC003_LoginDDT *****
13:39:17.414 [main] INFO  testCases.TC003_LoginDDT -***** Starting TC003_LoginDDT *****
13:39:22.149 [main] ERROR testCases.TC003_LoginDDT -Login test failed
13:39:22.987 [main] INFO  testCases.TC003_LoginDDT -***** Starting TC003_LoginDDT *****
13:39:37.560 [main] INFO  testCases.TC003_LoginDDT -Login test passed
13:39:37.561 [main] INFO  testCases.TC003_LoginDDT -***** Ending TC003_LoginDDT *****
13:39:37.576 [main] INFO  testCases.TC003_LoginDDT -***** Starting TC003_LoginDDT *****
13:39:52.036 [main] INFO  testCases.TC003_LoginDDT -Login test passed
13:39:52.036 [main] INFO  testCases.TC003_LoginDDT -***** Ending TC003_LoginDDT *****
13:39:52.045 [main] INFO  testCases.TC003_LoginDDT -***** Starting TC003_LoginDDT *****
13:39:56.615 [main] ERROR testCases.TC003_LoginDDT -Login test failed
13:40:53.218 [main] DEBUG org.testng.TestNG -suiteXmlPath: "C:\Users\Lenovo\Downloads\OpenCart1\grouping.xml"
13:40:53.703 [main] INFO  org.testng.internal.Utils -[TestNG] Running:
  C:\Users\Lenovo\Downloads\OpenCart1\grouping.xml

13:41:02.243 [main] INFO  testCases.TC001_AccountRegistrationTest -***** Starting TC001_AccountRegistrationTest *****
13:41:02.435 [main] INFO  testCases.TC001_AccountRegistrationTest -clicked on myaccount link
13:41:03.484 [main] INFO  testCases.TC001_AccountRegistrationTest -clicked on register link
13:41:03.532 [main] INFO  testCases.TC001_AccountRegistrationTest -providing customer details...
13:41:05.756 [main] INFO  testCases.TC001_AccountRegistrationTest -validating expected message..
13:41:05.857 [main] INFO  testCases.TC001_AccountRegistrationTest -***** finished TC001_AccountRegistrationTest *****
13:41:14.374 [main] INFO  testCases.TC002_LoginTest -***** Starting TC002_LoginTest *****
13:41:14.543 [main] INFO  testCases.TC002_LoginTest -clicked on myaccount link
13:41:15.078 [main] INFO  testCases.TC002_LoginTest -clicked on login link
13:41:15.079 [main] INFO  testCases.TC002_LoginTest -providing login details...
13:41:19.345 [main] INFO  testCases.TC002_LoginTest -***** Ending TC002_LoginTest *****
08:42:21.413 [main] DEBUG org.testng.TestNG -suiteXmlPath: "C:\Users\Lenovo\Downloads\OpenCart1\grouping.xml"
08:42:26.396 [main] INFO  org.testng.internal.Utils -[TestNG] Running:
  C:\Users\Lenovo\Downloads\OpenCart1\grouping.xml

08:42:57.625 [main] INFO  testCases.TC001_AccountRegistrationTest -***** Starting TC001_AccountRegistrationTest *****
08:42:58.263 [main] INFO  testCases.TC001_AccountRegistrationTest -clicked on myaccount link
08:42:59.241 [main] INFO  testCases.TC001_AccountRegistrationTest -clicked on register link
08:42:59.262 [main] INFO  testCases.TC001_AccountRegistrationTest -providing customer details...
08:43:02.427 [main] INFO  testCases.TC001_AccountRegistrationTest -validating expected message..
08:43:02.525 [main] INFO  testCases.TC001_AccountRegistrationTest -***** finished TC001_AccountRegistrationTest *****
08:43:12.973 [main] INFO  testCases.TC002_LoginTest -***** Starting TC002_LoginTest *****
08:43:13.135 [main] INFO  testCases.TC002_LoginTest -clicked on myaccount link
08:43:13.557 [main] INFO  testCases.TC002_LoginTest -clicked on login link
08:43:13.558 [main] INFO  testCases.TC002_LoginTest -providing login details...
08:43:18.272 [main] INFO  testCases.TC002_LoginTest -***** Ending TC002_LoginTest *****
08:47:27.210 [main] DEBUG org.testng.TestNG -suiteXmlPath: "C:\Users\Lenovo\Downloads\OpenCart1\grouping.xml"
08:47:28.467 [main] INFO  org.testng.internal.Utils -[TestNG] Running:
  C:\Users\Lenovo\Downloads\OpenCart1\grouping.xml

08:47:48.397 [main] INFO  testCases.TC001_AccountRegistrationTest -***** Starting TC001_AccountRegistrationTest *****
08:47:51.109 [main] INFO  testCases.TC002_LoginTest -***** Starting TC002_LoginTest *****
10:08:08.995 [main] DEBUG org.testng.TestNG -suiteXmlPath: "C:\Users\Lenovo\Downloads\OpenCart1\grouping.xml"
10:08:09.465 [main] INFO  org.testng.internal.Utils -[TestNG] Running:
  C:\Users\Lenovo\Downloads\OpenCart1\grouping.xml

10:08:14.584 [main] INFO  testCases.TC001_AccountRegistrationTest -***** Starting TC001_AccountRegistrationTest *****
10:08:17.062 [main] INFO  testCases.TC002_LoginTest -***** Starting TC002_LoginTest *****
10:12:26.443 [main] DEBUG org.testng.TestNG -suiteXmlPath: "C:\Users\Lenovo\Downloads\OpenCart1\grouping.xml"
10:12:26.889 [main] INFO  org.testng.internal.Utils -[TestNG] Running:
  C:\Users\Lenovo\Downloads\OpenCart1\grouping.xml

10:12:38.102 [main] INFO  testCases.TC001_AccountRegistrationTest -***** Starting TC001_AccountRegistrationTest *****
10:12:38.319 [main] INFO  testCases.TC001_AccountRegistrationTest -clicked on myaccount link
10:12:40.173 [main] INFO  testCases.TC001_AccountRegistrationTest -clicked on register link
10:12:40.196 [main] INFO  testCases.TC001_AccountRegistrationTest -providing customer details...
10:12:42.048 [main] INFO  testCases.TC001_AccountRegistrationTest -validating expected message..
10:12:42.096 [main] INFO  testCases.TC001_AccountRegistrationTest -***** finished TC001_AccountRegistrationTest *****
10:12:53.596 [main] INFO  testCases.TC002_LoginTest -***** Starting TC002_LoginTest *****
10:12:53.753 [main] INFO  testCases.TC002_LoginTest -clicked on myaccount link
10:12:54.091 [main] INFO  testCases.TC002_LoginTest -clicked on login link
10:12:54.091 [main] INFO  testCases.TC002_LoginTest -providing login details...
10:12:58.376 [main] INFO  testCases.TC002_LoginTest -***** Ending TC002_LoginTest *****
10:13:50.023 [main] DEBUG org.testng.TestNG -suiteXmlPath: "C:\Users\Lenovo\Downloads\OpenCart1\master.xml"
10:13:50.469 [main] INFO  org.testng.internal.Utils -[TestNG] Running:
  C:\Users\Lenovo\Downloads\OpenCart1\master.xml

10:13:57.508 [main] DEBUG org.apache.poi.openxml4j.opc.PackageRelationshipCollection -Parsing relationship: /xl/_rels/workbook.xml.rels
10:13:57.512 [main] DEBUG org.apache.poi.openxml4j.opc.PackageRelationshipCollection -Parsing relationship: /xl/worksheets/_rels/sheet1.xml.rels
10:13:57.514 [main] DEBUG org.apache.poi.openxml4j.opc.PackageRelationshipCollection -Parsing relationship: /_rels/.rels
10:13:59.759 [main] DEBUG org.apache.poi.openxml4j.opc.PackageRelationshipCollection -Parsing relationship: /xl/_rels/workbook.xml.rels
10:13:59.762 [main] DEBUG org.apache.poi.openxml4j.opc.PackageRelationshipCollection -Parsing relationship: /xl/worksheets/_rels/sheet1.xml.rels
10:13:59.764 [main] DEBUG org.apache.poi.openxml4j.opc.PackageRelationshipCollection -Parsing relationship: /_rels/.rels
10:13:59.820 [main] DEBUG org.apache.poi.openxml4j.opc.PackageRelationshipCollection -Parsing relationship: /xl/_rels/workbook.xml.rels
10:13:59.825 [main] DEBUG org.apache.poi.openxml4j.opc.PackageRelationshipCollection -Parsing relationship: /xl/worksheets/_rels/sheet1.xml.rels
10:13:59.828 [main] DEBUG org.apache.poi.openxml4j.opc.PackageRelationshipCollection -Parsing relationship: /_rels/.rels
10:13:59.899 [main] DEBUG org.apache.poi.openxml4j.opc.PackageRelationshipCollection -Parsing relationship: /xl/_rels/workbook.xml.rels
10:13:59.900 [main] DEBUG org.apache.poi.openxml4j.opc.PackageRelationshipCollection -Parsing relationship: /xl/worksheets/_rels/sheet1.xml.rels
10:13:59.901 [main] DEBUG org.apache.poi.openxml4j.opc.PackageRelationshipCollection -Parsing relationship: /_rels/.rels
10:13:59.939 [main] DEBUG org.apache.poi.openxml4j.opc.PackageRelationshipCollection -Parsing relationship: /xl/_rels/workbook.xml.rels
10:13:59.940 [main] DEBUG org.apache.poi.openxml4j.opc.PackageRelationshipCollection -Parsing relationship: /xl/worksheets/_rels/sheet1.xml.rels
10:13:59.942 [main] DEBUG org.apache.poi.openxml4j.opc.PackageRelationshipCollection -Parsing relationship: /_rels/.rels
10:13:59.982 [main] DEBUG org.apache.poi.openxml4j.opc.PackageRelationshipCollection -Parsing relationship: /xl/_rels/workbook.xml.rels
10:13:59.984 [main] DEBUG org.apache.poi.openxml4j.opc.PackageRelationshipCollection -Parsing relationship: /xl/worksheets/_rels/sheet1.xml.rels
10:13:59.985 [main] DEBUG org.apache.poi.openxml4j.opc.PackageRelationshipCollection -Parsing relationship: /_rels/.rels
10:14:00.036 [main] DEBUG org.apache.poi.openxml4j.opc.PackageRelationshipCollection -Parsing relationship: /xl/_rels/workbook.xml.rels
10:14:00.038 [main] DEBUG org.apache.poi.openxml4j.opc.PackageRelationshipCollection -Parsing relationship: /xl/worksheets/_rels/sheet1.xml.rels
10:14:00.041 [main] DEBUG org.apache.poi.openxml4j.opc.PackageRelationshipCollection -Parsing relationship: /_rels/.rels
10:14:00.124 [main] DEBUG org.apache.poi.openxml4j.opc.PackageRelationshipCollection -Parsing relationship: /xl/_rels/workbook.xml.rels
10:14:00.125 [main] DEBUG org.apache.poi.openxml4j.opc.PackageRelationshipCollection -Parsing relationship: /xl/worksheets/_rels/sheet1.xml.rels
10:14:00.127 [main] DEBUG org.apache.poi.openxml4j.opc.PackageRelationshipCollection -Parsing relationship: /_rels/.rels
10:14:00.165 [main] DEBUG org.apache.poi.openxml4j.opc.PackageRelationshipCollection -Parsing relationship: /xl/_rels/workbook.xml.rels
10:14:00.166 [main] DEBUG org.apache.poi.openxml4j.opc.PackageRelationshipCollection -Parsing relationship: /xl/worksheets/_rels/sheet1.xml.rels
10:14:00.167 [main] DEBUG org.apache.poi.openxml4j.opc.PackageRelationshipCollection -Parsing relationship: /_rels/.rels
10:14:00.202 [main] DEBUG org.apache.poi.openxml4j.opc.PackageRelationshipCollection -Parsing relationship: /xl/_rels/workbook.xml.rels
10:14:00.203 [main] DEBUG org.apache.poi.openxml4j.opc.PackageRelationshipCollection -Parsing relationship: /xl/worksheets/_rels/sheet1.xml.rels
10:14:00.205 [main] DEBUG org.apache.poi.openxml4j.opc.PackageRelationshipCollection -Parsing relationship: /_rels/.rels
10:14:00.243 [main] DEBUG org.apache.poi.openxml4j.opc.PackageRelationshipCollection -Parsing relationship: /xl/_rels/workbook.xml.rels
10:14:00.245 [main] DEBUG org.apache.poi.openxml4j.opc.PackageRelationshipCollection -Parsing relationship: /xl/worksheets/_rels/sheet1.xml.rels
10:14:00.246 [main] DEBUG org.apache.poi.openxml4j.opc.PackageRelationshipCollection -Parsing relationship: /_rels/.rels
10:14:00.278 [main] DEBUG org.apache.poi.openxml4j.opc.PackageRelationshipCollection -Parsing relationship: /xl/_rels/workbook.xml.rels
10:14:00.279 [main] DEBUG org.apache.poi.openxml4j.opc.PackageRelationshipCollection -Parsing relationship: /xl/worksheets/_rels/sheet1.xml.rels
10:14:00.280 [main] DEBUG org.apache.poi.openxml4j.opc.PackageRelationshipCollection -Parsing relationship: /_rels/.rels
10:14:00.310 [main] DEBUG org.apache.poi.openxml4j.opc.PackageRelationshipCollection -Parsing relationship: /xl/_rels/workbook.xml.rels
10:14:00.312 [main] DEBUG org.apache.poi.openxml4j.opc.PackageRelationshipCollection -Parsing relationship: /xl/worksheets/_rels/sheet1.xml.rels
10:14:00.313 [main] DEBUG org.apache.poi.openxml4j.opc.PackageRelationshipCollection -Parsing relationship: /_rels/.rels
10:14:00.343 [main] DEBUG org.apache.poi.openxml4j.opc.PackageRelationshipCollection -Parsing relationship: /xl/_rels/workbook.xml.rels
10:14:00.344 [main] DEBUG org.apache.poi.openxml4j.opc.PackageRelationshipCollection -Parsing relationship: /xl/worksheets/_rels/sheet1.xml.rels
10:14:00.345 [main] DEBUG org.apache.poi.openxml4j.opc.PackageRelationshipCollection -Parsing relationship: /_rels/.rels
10:14:00.381 [main] DEBUG org.apache.poi.openxml4j.opc.PackageRelationshipCollection -Parsing relationship: /xl/_rels/workbook.xml.rels
10:14:00.382 [main] DEBUG org.apache.poi.openxml4j.opc.PackageRelationshipCollection -Parsing relationship: /xl/worksheets/_rels/sheet1.xml.rels
10:14:00.383 [main] DEBUG org.apache.poi.openxml4j.opc.PackageRelationshipCollection -Parsing relationship: /_rels/.rels
10:14:00.410 [main] DEBUG org.apache.poi.openxml4j.opc.PackageRelationshipCollection -Parsing relationship: /xl/_rels/workbook.xml.rels
10:14:00.411 [main] DEBUG org.apache.poi.openxml4j.opc.PackageRelationshipCollection -Parsing relationship: /xl/worksheets/_rels/sheet1.xml.rels
10:14:00.413 [main] DEBUG org.apache.poi.openxml4j.opc.PackageRelationshipCollection -Parsing relationship: /_rels/.rels
10:14:00.443 [main] DEBUG org.apache.poi.openxml4j.opc.PackageRelationshipCollection -Parsing relationship: /xl/_rels/workbook.xml.rels
10:14:00.444 [main] DEBUG org.apache.poi.openxml4j.opc.PackageRelationshipCollection -Parsing relationship: /xl/worksheets/_rels/sheet1.xml.rels
10:14:00.445 [main] DEBUG org.apache.poi.openxml4j.opc.PackageRelationshipCollection -Parsing relationship: /_rels/.rels
10:14:00.487 [main] INFO  testCases.TC003_LoginDDT -***** Starting TC003_LoginDDT *****
10:14:00.681 [main] INFO  testCases.TC003_LoginDDT -***** Starting TC003_LoginDDT *****
10:14:00.815 [main] INFO  testCases.TC003_LoginDDT -***** Starting TC003_LoginDDT *****
10:14:00.940 [main] INFO  testCases.TC003_LoginDDT -***** Starting TC003_LoginDDT *****
10:14:01.055 [main] INFO  testCases.TC003_LoginDDT -***** Starting TC003_LoginDDT *****
10:15:19.839 [main] DEBUG org.testng.TestNG -suiteXmlPath: "C:\Users\Lenovo\Downloads\OpenCart1\grouping.xml"
10:15:20.234 [main] INFO  org.testng.internal.Utils -[TestNG] Running:
  C:\Users\Lenovo\Downloads\OpenCart1\grouping.xml

10:15:22.604 [main] INFO  testCases.TC001_AccountRegistrationTest -***** Starting TC001_AccountRegistrationTest *****
10:15:24.578 [main] INFO  testCases.TC002_LoginTest -***** Starting TC002_LoginTest *****
10:26:16.627 [main] DEBUG org.testng.TestNG -suiteXmlPath: "C:\Users\Lenovo\Downloads\OpenCart1\grouping.xml"
10:26:17.038 [main] INFO  org.testng.internal.Utils -[TestNG] Running:
  C:\Users\Lenovo\Downloads\OpenCart1\grouping.xml

10:26:20.109 [main] INFO  testCases.TC001_AccountRegistrationTest -***** Starting TC001_AccountRegistrationTest *****
10:26:22.429 [main] INFO  testCases.TC002_LoginTest -***** Starting TC002_LoginTest *****
10:31:49.426 [main] DEBUG org.testng.TestNG -suiteXmlPath: "C:\Users\Lenovo\Downloads\OpenCart1\grouping.xml"
10:31:49.818 [main] INFO  org.testng.internal.Utils -[TestNG] Running:
  C:\Users\Lenovo\Downloads\OpenCart1\grouping.xml

10:31:52.355 [main] INFO  testCases.TC001_AccountRegistrationTest -***** Starting TC001_AccountRegistrationTest *****
10:31:54.243 [main] INFO  testCases.TC002_LoginTest -***** Starting TC002_LoginTest *****
19:56:27.580 [main] DEBUG org.testng.TestNG -suiteXmlPath: "C:\Users\Lenovo\Downloads\OpenCart1\grouping.xml"
19:56:28.104 [main] INFO  org.testng.internal.Utils -[TestNG] Running:
  C:\Users\Lenovo\Downloads\OpenCart1\grouping.xml

19:57:17.443 [main] DEBUG org.testng.TestNG -suiteXmlPath: "C:\Users\Lenovo\Downloads\OpenCart1\master.xml"
19:57:17.833 [main] INFO  org.testng.internal.Utils -[TestNG] Running:
  C:\Users\Lenovo\Downloads\OpenCart1\master.xml

19:57:19.008 [main] DEBUG org.apache.poi.openxml4j.opc.PackageRelationshipCollection -Parsing relationship: /xl/_rels/workbook.xml.rels
19:57:19.011 [main] DEBUG org.apache.poi.openxml4j.opc.PackageRelationshipCollection -Parsing relationship: /xl/worksheets/_rels/sheet1.xml.rels
19:57:19.017 [main] DEBUG org.apache.poi.openxml4j.opc.PackageRelationshipCollection -Parsing relationship: /_rels/.rels
19:57:19.736 [main] DEBUG org.apache.poi.openxml4j.opc.PackageRelationshipCollection -Parsing relationship: /xl/_rels/workbook.xml.rels
19:57:19.738 [main] DEBUG org.apache.poi.openxml4j.opc.PackageRelationshipCollection -Parsing relationship: /xl/worksheets/_rels/sheet1.xml.rels
19:57:19.740 [main] DEBUG org.apache.poi.openxml4j.opc.PackageRelationshipCollection -Parsing relationship: /_rels/.rels
19:57:19.797 [main] DEBUG org.apache.poi.openxml4j.opc.PackageRelationshipCollection -Parsing relationship: /xl/_rels/workbook.xml.rels
19:57:19.799 [main] DEBUG org.apache.poi.openxml4j.opc.PackageRelationshipCollection -Parsing relationship: /xl/worksheets/_rels/sheet1.xml.rels
19:57:19.801 [main] DEBUG org.apache.poi.openxml4j.opc.PackageRelationshipCollection -Parsing relationship: /_rels/.rels
19:57:19.865 [main] DEBUG org.apache.poi.openxml4j.opc.PackageRelationshipCollection -Parsing relationship: /xl/_rels/workbook.xml.rels
19:57:19.866 [main] DEBUG org.apache.poi.openxml4j.opc.PackageRelationshipCollection -Parsing relationship: /xl/worksheets/_rels/sheet1.xml.rels
19:57:19.868 [main] DEBUG org.apache.poi.openxml4j.opc.PackageRelationshipCollection -Parsing relationship: /_rels/.rels
19:57:19.912 [main] DEBUG org.apache.poi.openxml4j.opc.PackageRelationshipCollection -Parsing relationship: /xl/_rels/workbook.xml.rels
19:57:19.915 [main] DEBUG org.apache.poi.openxml4j.opc.PackageRelationshipCollection -Parsing relationship: /xl/worksheets/_rels/sheet1.xml.rels
19:57:19.916 [main] DEBUG org.apache.poi.openxml4j.opc.PackageRelationshipCollection -Parsing relationship: /_rels/.rels
19:57:19.969 [main] DEBUG org.apache.poi.openxml4j.opc.PackageRelationshipCollection -Parsing relationship: /xl/_rels/workbook.xml.rels
19:57:19.973 [main] DEBUG org.apache.poi.openxml4j.opc.PackageRelationshipCollection -Parsing relationship: /xl/worksheets/_rels/sheet1.xml.rels
19:57:19.975 [main] DEBUG org.apache.poi.openxml4j.opc.PackageRelationshipCollection -Parsing relationship: /_rels/.rels
19:57:20.023 [main] DEBUG org.apache.poi.openxml4j.opc.PackageRelationshipCollection -Parsing relationship: /xl/_rels/workbook.xml.rels
19:57:20.024 [main] DEBUG org.apache.poi.openxml4j.opc.PackageRelationshipCollection -Parsing relationship: /xl/worksheets/_rels/sheet1.xml.rels
19:57:20.027 [main] DEBUG org.apache.poi.openxml4j.opc.PackageRelationshipCollection -Parsing relationship: /_rels/.rels
19:57:20.064 [main] DEBUG org.apache.poi.openxml4j.opc.PackageRelationshipCollection -Parsing relationship: /xl/_rels/workbook.xml.rels
19:57:20.066 [main] DEBUG org.apache.poi.openxml4j.opc.PackageRelationshipCollection -Parsing relationship: /xl/worksheets/_rels/sheet1.xml.rels
19:57:20.067 [main] DEBUG org.apache.poi.openxml4j.opc.PackageRelationshipCollection -Parsing relationship: /_rels/.rels
19:57:20.096 [main] DEBUG org.apache.poi.openxml4j.opc.PackageRelationshipCollection -Parsing relationship: /xl/_rels/workbook.xml.rels
19:57:20.097 [main] DEBUG org.apache.poi.openxml4j.opc.PackageRelationshipCollection -Parsing relationship: /xl/worksheets/_rels/sheet1.xml.rels
19:57:20.098 [main] DEBUG org.apache.poi.openxml4j.opc.PackageRelationshipCollection -Parsing relationship: /_rels/.rels
19:57:20.127 [main] DEBUG org.apache.poi.openxml4j.opc.PackageRelationshipCollection -Parsing relationship: /xl/_rels/workbook.xml.rels
19:57:20.129 [main] DEBUG org.apache.poi.openxml4j.opc.PackageRelationshipCollection -Parsing relationship: /xl/worksheets/_rels/sheet1.xml.rels
19:57:20.130 [main] DEBUG org.apache.poi.openxml4j.opc.PackageRelationshipCollection -Parsing relationship: /_rels/.rels
19:57:20.164 [main] DEBUG org.apache.poi.openxml4j.opc.PackageRelationshipCollection -Parsing relationship: /xl/_rels/workbook.xml.rels
19:57:20.165 [main] DEBUG org.apache.poi.openxml4j.opc.PackageRelationshipCollection -Parsing relationship: /xl/worksheets/_rels/sheet1.xml.rels
19:57:20.167 [main] DEBUG org.apache.poi.openxml4j.opc.PackageRelationshipCollection -Parsing relationship: /_rels/.rels
19:57:20.207 [main] DEBUG org.apache.poi.openxml4j.opc.PackageRelationshipCollection -Parsing relationship: /xl/_rels/workbook.xml.rels
19:57:20.208 [main] DEBUG org.apache.poi.openxml4j.opc.PackageRelationshipCollection -Parsing relationship: /xl/worksheets/_rels/sheet1.xml.rels
19:57:20.209 [main] DEBUG org.apache.poi.openxml4j.opc.PackageRelationshipCollection -Parsing relationship: /_rels/.rels
19:57:20.246 [main] DEBUG org.apache.poi.openxml4j.opc.PackageRelationshipCollection -Parsing relationship: /xl/_rels/workbook.xml.rels
19:57:20.248 [main] DEBUG org.apache.poi.openxml4j.opc.PackageRelationshipCollection -Parsing relationship: /xl/worksheets/_rels/sheet1.xml.rels
19:57:20.249 [main] DEBUG org.apache.poi.openxml4j.opc.PackageRelationshipCollection -Parsing relationship: /_rels/.rels
19:57:20.277 [main] DEBUG org.apache.poi.openxml4j.opc.PackageRelationshipCollection -Parsing relationship: /xl/_rels/workbook.xml.rels
19:57:20.279 [main] DEBUG org.apache.poi.openxml4j.opc.PackageRelationshipCollection -Parsing relationship: /xl/worksheets/_rels/sheet1.xml.rels
19:57:20.280 [main] DEBUG org.apache.poi.openxml4j.opc.PackageRelationshipCollection -Parsing relationship: /_rels/.rels
19:57:20.309 [main] DEBUG org.apache.poi.openxml4j.opc.PackageRelationshipCollection -Parsing relationship: /xl/_rels/workbook.xml.rels
19:57:20.311 [main] DEBUG org.apache.poi.openxml4j.opc.PackageRelationshipCollection -Parsing relationship: /xl/worksheets/_rels/sheet1.xml.rels
19:57:20.312 [main] DEBUG org.apache.poi.openxml4j.opc.PackageRelationshipCollection -Parsing relationship: /_rels/.rels
19:57:20.342 [main] DEBUG org.apache.poi.openxml4j.opc.PackageRelationshipCollection -Parsing relationship: /xl/_rels/workbook.xml.rels
19:57:20.343 [main] DEBUG org.apache.poi.openxml4j.opc.PackageRelationshipCollection -Parsing relationship: /xl/worksheets/_rels/sheet1.xml.rels
19:57:20.345 [main] DEBUG org.apache.poi.openxml4j.opc.PackageRelationshipCollection -Parsing relationship: /_rels/.rels
19:57:20.377 [main] DEBUG org.apache.poi.openxml4j.opc.PackageRelationshipCollection -Parsing relationship: /xl/_rels/workbook.xml.rels
19:57:20.378 [main] DEBUG org.apache.poi.openxml4j.opc.PackageRelationshipCollection -Parsing relationship: /xl/worksheets/_rels/sheet1.xml.rels
19:57:20.380 [main] DEBUG org.apache.poi.openxml4j.opc.PackageRelationshipCollection -Parsing relationship: /_rels/.rels
19:57:49.097 [main] DEBUG org.testng.TestNG -suiteXmlPath: "C:\Users\Lenovo\Downloads\OpenCart1\master.xml"
19:57:49.499 [main] INFO  org.testng.internal.Utils -[TestNG] Running:
  C:\Users\Lenovo\Downloads\OpenCart1\master.xml

19:58:08.051 [main] DEBUG org.apache.poi.openxml4j.opc.PackageRelationshipCollection -Parsing relationship: /xl/_rels/workbook.xml.rels
19:58:08.055 [main] DEBUG org.apache.poi.openxml4j.opc.PackageRelationshipCollection -Parsing relationship: /xl/worksheets/_rels/sheet1.xml.rels
19:58:08.062 [main] DEBUG org.apache.poi.openxml4j.opc.PackageRelationshipCollection -Parsing relationship: /_rels/.rels
19:58:08.690 [main] DEBUG org.apache.poi.openxml4j.opc.PackageRelationshipCollection -Parsing relationship: /xl/_rels/workbook.xml.rels
19:58:08.692 [main] DEBUG org.apache.poi.openxml4j.opc.PackageRelationshipCollection -Parsing relationship: /xl/worksheets/_rels/sheet1.xml.rels
19:58:08.693 [main] DEBUG org.apache.poi.openxml4j.opc.PackageRelationshipCollection -Parsing relationship: /_rels/.rels
19:58:08.775 [main] DEBUG org.apache.poi.openxml4j.opc.PackageRelationshipCollection -Parsing relationship: /xl/_rels/workbook.xml.rels
19:58:08.777 [main] DEBUG org.apache.poi.openxml4j.opc.PackageRelationshipCollection -Parsing relationship: /xl/worksheets/_rels/sheet1.xml.rels
19:58:08.778 [main] DEBUG org.apache.poi.openxml4j.opc.PackageRelationshipCollection -Parsing relationship: /_rels/.rels
19:58:08.889 [main] DEBUG org.apache.poi.openxml4j.opc.PackageRelationshipCollection -Parsing relationship: /xl/_rels/workbook.xml.rels
19:58:08.890 [main] DEBUG org.apache.poi.openxml4j.opc.PackageRelationshipCollection -Parsing relationship: /xl/worksheets/_rels/sheet1.xml.rels
19:58:08.892 [main] DEBUG org.apache.poi.openxml4j.opc.PackageRelationshipCollection -Parsing relationship: /_rels/.rels
19:58:08.995 [main] DEBUG org.apache.poi.openxml4j.opc.PackageRelationshipCollection -Parsing relationship: /xl/_rels/workbook.xml.rels
19:58:08.996 [main] DEBUG org.apache.poi.openxml4j.opc.PackageRelationshipCollection -Parsing relationship: /xl/worksheets/_rels/sheet1.xml.rels
19:58:08.997 [main] DEBUG org.apache.poi.openxml4j.opc.PackageRelationshipCollection -Parsing relationship: /_rels/.rels
19:58:09.056 [main] DEBUG org.apache.poi.openxml4j.opc.PackageRelationshipCollection -Parsing relationship: /xl/_rels/workbook.xml.rels
19:58:09.058 [main] DEBUG org.apache.poi.openxml4j.opc.PackageRelationshipCollection -Parsing relationship: /xl/worksheets/_rels/sheet1.xml.rels
19:58:09.060 [main] DEBUG org.apache.poi.openxml4j.opc.PackageRelationshipCollection -Parsing relationship: /_rels/.rels
19:58:09.191 [main] DEBUG org.apache.poi.openxml4j.opc.PackageRelationshipCollection -Parsing relationship: /xl/_rels/workbook.xml.rels
19:58:09.193 [main] DEBUG org.apache.poi.openxml4j.opc.PackageRelationshipCollection -Parsing relationship: /xl/worksheets/_rels/sheet1.xml.rels
19:58:09.194 [main] DEBUG org.apache.poi.openxml4j.opc.PackageRelationshipCollection -Parsing relationship: /_rels/.rels
19:58:09.293 [main] DEBUG org.apache.poi.openxml4j.opc.PackageRelationshipCollection -Parsing relationship: /xl/_rels/workbook.xml.rels
19:58:09.295 [main] DEBUG org.apache.poi.openxml4j.opc.PackageRelationshipCollection -Parsing relationship: /xl/worksheets/_rels/sheet1.xml.rels
19:58:09.309 [main] DEBUG org.apache.poi.openxml4j.opc.PackageRelationshipCollection -Parsing relationship: /_rels/.rels
19:58:09.418 [main] DEBUG org.apache.poi.openxml4j.opc.PackageRelationshipCollection -Parsing relationship: /xl/_rels/workbook.xml.rels
19:58:09.419 [main] DEBUG org.apache.poi.openxml4j.opc.PackageRelationshipCollection -Parsing relationship: /xl/worksheets/_rels/sheet1.xml.rels
19:58:09.420 [main] DEBUG org.apache.poi.openxml4j.opc.PackageRelationshipCollection -Parsing relationship: /_rels/.rels
19:58:09.527 [main] DEBUG org.apache.poi.openxml4j.opc.PackageRelationshipCollection -Parsing relationship: /xl/_rels/workbook.xml.rels
19:58:09.531 [main] DEBUG org.apache.poi.openxml4j.opc.PackageRelationshipCollection -Parsing relationship: /xl/worksheets/_rels/sheet1.xml.rels
19:58:09.532 [main] DEBUG org.apache.poi.openxml4j.opc.PackageRelationshipCollection -Parsing relationship: /_rels/.rels
19:58:09.574 [main] DEBUG org.apache.poi.openxml4j.opc.PackageRelationshipCollection -Parsing relationship: /xl/_rels/workbook.xml.rels
19:58:09.575 [main] DEBUG org.apache.poi.openxml4j.opc.PackageRelationshipCollection -Parsing relationship: /xl/worksheets/_rels/sheet1.xml.rels
19:58:09.581 [main] DEBUG org.apache.poi.openxml4j.opc.PackageRelationshipCollection -Parsing relationship: /_rels/.rels
19:58:09.624 [main] DEBUG org.apache.poi.openxml4j.opc.PackageRelationshipCollection -Parsing relationship: /xl/_rels/workbook.xml.rels
19:58:09.626 [main] DEBUG org.apache.poi.openxml4j.opc.PackageRelationshipCollection -Parsing relationship: /xl/worksheets/_rels/sheet1.xml.rels
19:58:09.627 [main] DEBUG org.apache.poi.openxml4j.opc.PackageRelationshipCollection -Parsing relationship: /_rels/.rels
19:58:09.668 [main] DEBUG org.apache.poi.openxml4j.opc.PackageRelationshipCollection -Parsing relationship: /xl/_rels/workbook.xml.rels
19:58:09.672 [main] DEBUG org.apache.poi.openxml4j.opc.PackageRelationshipCollection -Parsing relationship: /xl/worksheets/_rels/sheet1.xml.rels
19:58:09.673 [main] DEBUG org.apache.poi.openxml4j.opc.PackageRelationshipCollection -Parsing relationship: /_rels/.rels
19:58:09.705 [main] DEBUG org.apache.poi.openxml4j.opc.PackageRelationshipCollection -Parsing relationship: /xl/_rels/workbook.xml.rels
19:58:09.706 [main] DEBUG org.apache.poi.openxml4j.opc.PackageRelationshipCollection -Parsing relationship: /xl/worksheets/_rels/sheet1.xml.rels
19:58:09.707 [main] DEBUG org.apache.poi.openxml4j.opc.PackageRelationshipCollection -Parsing relationship: /_rels/.rels
19:58:09.740 [main] DEBUG org.apache.poi.openxml4j.opc.PackageRelationshipCollection -Parsing relationship: /xl/_rels/workbook.xml.rels
19:58:09.741 [main] DEBUG org.apache.poi.openxml4j.opc.PackageRelationshipCollection -Parsing relationship: /xl/worksheets/_rels/sheet1.xml.rels
19:58:09.742 [main] DEBUG org.apache.poi.openxml4j.opc.PackageRelationshipCollection -Parsing relationship: /_rels/.rels
19:58:09.789 [main] DEBUG org.apache.poi.openxml4j.opc.PackageRelationshipCollection -Parsing relationship: /xl/_rels/workbook.xml.rels
19:58:09.790 [main] DEBUG org.apache.poi.openxml4j.opc.PackageRelationshipCollection -Parsing relationship: /xl/worksheets/_rels/sheet1.xml.rels
19:58:09.792 [main] DEBUG org.apache.poi.openxml4j.opc.PackageRelationshipCollection -Parsing relationship: /_rels/.rels
19:58:09.828 [main] DEBUG org.apache.poi.openxml4j.opc.PackageRelationshipCollection -Parsing relationship: /xl/_rels/workbook.xml.rels
19:58:09.829 [main] DEBUG org.apache.poi.openxml4j.opc.PackageRelationshipCollection -Parsing relationship: /xl/worksheets/_rels/sheet1.xml.rels
19:58:09.830 [main] DEBUG org.apache.poi.openxml4j.opc.PackageRelationshipCollection -Parsing relationship: /_rels/.rels
19:58:09.880 [main] INFO  testCases.TC003_LoginDDT -***** Starting TC003_LoginDDT *****
19:58:14.711 [main] INFO  testCases.TC003_LoginDDT -Login test passed
19:58:15.205 [main] INFO  testCases.TC003_LoginDDT -***** Ending TC003_LoginDDT *****
19:58:15.223 [main] INFO  testCases.TC003_LoginDDT -***** Starting TC003_LoginDDT *****
19:58:20.181 [main] ERROR testCases.TC003_LoginDDT -Login test failed
19:58:20.924 [main] INFO  testCases.TC003_LoginDDT -***** Starting TC003_LoginDDT *****
19:58:35.225 [main] INFO  testCases.TC003_LoginDDT -Login test passed
19:58:35.226 [main] INFO  testCases.TC003_LoginDDT -***** Ending TC003_LoginDDT *****
19:58:35.236 [main] INFO  testCases.TC003_LoginDDT -***** Starting TC003_LoginDDT *****
19:58:49.803 [main] INFO  testCases.TC003_LoginDDT -Login test passed
19:58:49.804 [main] INFO  testCases.TC003_LoginDDT -***** Ending TC003_LoginDDT *****
19:58:49.814 [main] INFO  testCases.TC003_LoginDDT -***** Starting TC003_LoginDDT *****
19:58:54.344 [main] ERROR testCases.TC003_LoginDDT -Login test failed
16:21:41.869 [main] DEBUG org.testng.TestNG -suiteXmlPath: "C:\Users\Lenovo\Downloads\OpenCart1\master.xml"
16:21:44.599 [main] INFO  org.testng.internal.Utils -[TestNG] Running:
  C:\Users\Lenovo\Downloads\OpenCart1\master.xml

16:22:12.883 [main] DEBUG org.apache.poi.openxml4j.opc.PackageRelationshipCollection -Parsing relationship: /xl/_rels/workbook.xml.rels
16:22:12.887 [main] DEBUG org.apache.poi.openxml4j.opc.PackageRelationshipCollection -Parsing relationship: /xl/worksheets/_rels/sheet1.xml.rels
16:22:12.890 [main] DEBUG org.apache.poi.openxml4j.opc.PackageRelationshipCollection -Parsing relationship: /_rels/.rels
16:22:15.878 [main] DEBUG org.apache.poi.openxml4j.opc.PackageRelationshipCollection -Parsing relationship: /xl/_rels/workbook.xml.rels
16:22:15.881 [main] DEBUG org.apache.poi.openxml4j.opc.PackageRelationshipCollection -Parsing relationship: /xl/worksheets/_rels/sheet1.xml.rels
16:22:15.884 [main] DEBUG org.apache.poi.openxml4j.opc.PackageRelationshipCollection -Parsing relationship: /_rels/.rels
16:22:15.927 [main] DEBUG org.apache.poi.openxml4j.opc.PackageRelationshipCollection -Parsing relationship: /xl/_rels/workbook.xml.rels
16:22:15.929 [main] DEBUG org.apache.poi.openxml4j.opc.PackageRelationshipCollection -Parsing relationship: /xl/worksheets/_rels/sheet1.xml.rels
16:22:15.931 [main] DEBUG org.apache.poi.openxml4j.opc.PackageRelationshipCollection -Parsing relationship: /_rels/.rels
16:22:16.080 [main] DEBUG org.apache.poi.openxml4j.opc.PackageRelationshipCollection -Parsing relationship: /xl/_rels/workbook.xml.rels
16:22:16.082 [main] DEBUG org.apache.poi.openxml4j.opc.PackageRelationshipCollection -Parsing relationship: /xl/worksheets/_rels/sheet1.xml.rels
16:22:16.085 [main] DEBUG org.apache.poi.openxml4j.opc.PackageRelationshipCollection -Parsing relationship: /_rels/.rels
16:22:16.129 [main] DEBUG org.apache.poi.openxml4j.opc.PackageRelationshipCollection -Parsing relationship: /xl/_rels/workbook.xml.rels
16:22:16.131 [main] DEBUG org.apache.poi.openxml4j.opc.PackageRelationshipCollection -Parsing relationship: /xl/worksheets/_rels/sheet1.xml.rels
16:22:16.132 [main] DEBUG org.apache.poi.openxml4j.opc.PackageRelationshipCollection -Parsing relationship: /_rels/.rels
16:22:16.166 [main] DEBUG org.apache.poi.openxml4j.opc.PackageRelationshipCollection -Parsing relationship: /xl/_rels/workbook.xml.rels
16:22:16.168 [main] DEBUG org.apache.poi.openxml4j.opc.PackageRelationshipCollection -Parsing relationship: /xl/worksheets/_rels/sheet1.xml.rels
16:22:16.169 [main] DEBUG org.apache.poi.openxml4j.opc.PackageRelationshipCollection -Parsing relationship: /_rels/.rels
16:22:16.208 [main] DEBUG org.apache.poi.openxml4j.opc.PackageRelationshipCollection -Parsing relationship: /xl/_rels/workbook.xml.rels
16:22:16.213 [main] DEBUG org.apache.poi.openxml4j.opc.PackageRelationshipCollection -Parsing relationship: /xl/worksheets/_rels/sheet1.xml.rels
16:22:16.218 [main] DEBUG org.apache.poi.openxml4j.opc.PackageRelationshipCollection -Parsing relationship: /_rels/.rels
16:22:16.256 [main] DEBUG org.apache.poi.openxml4j.opc.PackageRelationshipCollection -Parsing relationship: /xl/_rels/workbook.xml.rels
16:22:16.258 [main] DEBUG org.apache.poi.openxml4j.opc.PackageRelationshipCollection -Parsing relationship: /xl/worksheets/_rels/sheet1.xml.rels
16:22:16.263 [main] DEBUG org.apache.poi.openxml4j.opc.PackageRelationshipCollection -Parsing relationship: /_rels/.rels
16:22:16.303 [main] DEBUG org.apache.poi.openxml4j.opc.PackageRelationshipCollection -Parsing relationship: /xl/_rels/workbook.xml.rels
16:22:16.304 [main] DEBUG org.apache.poi.openxml4j.opc.PackageRelationshipCollection -Parsing relationship: /xl/worksheets/_rels/sheet1.xml.rels
16:22:16.306 [main] DEBUG org.apache.poi.openxml4j.opc.PackageRelationshipCollection -Parsing relationship: /_rels/.rels
16:22:16.350 [main] DEBUG org.apache.poi.openxml4j.opc.PackageRelationshipCollection -Parsing relationship: /xl/_rels/workbook.xml.rels
16:22:16.352 [main] DEBUG org.apache.poi.openxml4j.opc.PackageRelationshipCollection -Parsing relationship: /xl/worksheets/_rels/sheet1.xml.rels
16:22:16.353 [main] DEBUG org.apache.poi.openxml4j.opc.PackageRelationshipCollection -Parsing relationship: /_rels/.rels
16:22:16.397 [main] DEBUG org.apache.poi.openxml4j.opc.PackageRelationshipCollection -Parsing relationship: /xl/_rels/workbook.xml.rels
16:22:16.398 [main] DEBUG org.apache.poi.openxml4j.opc.PackageRelationshipCollection -Parsing relationship: /xl/worksheets/_rels/sheet1.xml.rels
16:22:16.400 [main] DEBUG org.apache.poi.openxml4j.opc.PackageRelationshipCollection -Parsing relationship: /_rels/.rels
16:22:16.450 [main] DEBUG org.apache.poi.openxml4j.opc.PackageRelationshipCollection -Parsing relationship: /xl/_rels/workbook.xml.rels
16:22:16.451 [main] DEBUG org.apache.poi.openxml4j.opc.PackageRelationshipCollection -Parsing relationship: /xl/worksheets/_rels/sheet1.xml.rels
16:22:16.452 [main] DEBUG org.apache.poi.openxml4j.opc.PackageRelationshipCollection -Parsing relationship: /_rels/.rels
16:22:16.490 [main] DEBUG org.apache.poi.openxml4j.opc.PackageRelationshipCollection -Parsing relationship: /xl/_rels/workbook.xml.rels
16:22:16.492 [main] DEBUG org.apache.poi.openxml4j.opc.PackageRelationshipCollection -Parsing relationship: /xl/worksheets/_rels/sheet1.xml.rels
16:22:16.495 [main] DEBUG org.apache.poi.openxml4j.opc.PackageRelationshipCollection -Parsing relationship: /_rels/.rels
16:22:16.546 [main] DEBUG org.apache.poi.openxml4j.opc.PackageRelationshipCollection -Parsing relationship: /xl/_rels/workbook.xml.rels
16:22:16.547 [main] DEBUG org.apache.poi.openxml4j.opc.PackageRelationshipCollection -Parsing relationship: /xl/worksheets/_rels/sheet1.xml.rels
16:22:16.549 [main] DEBUG org.apache.poi.openxml4j.opc.PackageRelationshipCollection -Parsing relationship: /_rels/.rels
16:22:16.577 [main] DEBUG org.apache.poi.openxml4j.opc.PackageRelationshipCollection -Parsing relationship: /xl/_rels/workbook.xml.rels
16:22:16.578 [main] DEBUG org.apache.poi.openxml4j.opc.PackageRelationshipCollection -Parsing relationship: /xl/worksheets/_rels/sheet1.xml.rels
16:22:16.579 [main] DEBUG org.apache.poi.openxml4j.opc.PackageRelationshipCollection -Parsing relationship: /_rels/.rels
16:22:16.608 [main] DEBUG org.apache.poi.openxml4j.opc.PackageRelationshipCollection -Parsing relationship: /xl/_rels/workbook.xml.rels
16:22:16.609 [main] DEBUG org.apache.poi.openxml4j.opc.PackageRelationshipCollection -Parsing relationship: /xl/worksheets/_rels/sheet1.xml.rels
16:22:16.610 [main] DEBUG org.apache.poi.openxml4j.opc.PackageRelationshipCollection -Parsing relationship: /_rels/.rels
16:22:16.647 [main] DEBUG org.apache.poi.openxml4j.opc.PackageRelationshipCollection -Parsing relationship: /xl/_rels/workbook.xml.rels
16:22:16.648 [main] DEBUG org.apache.poi.openxml4j.opc.PackageRelationshipCollection -Parsing relationship: /xl/worksheets/_rels/sheet1.xml.rels
16:22:16.649 [main] DEBUG org.apache.poi.openxml4j.opc.PackageRelationshipCollection -Parsing relationship: /_rels/.rels
16:22:16.788 [main] INFO  testCases.TC003_LoginDDT -***** Starting TC003_LoginDDT *****
16:22:21.544 [main] INFO  testCases.TC003_LoginDDT -Login test passed
16:22:22.615 [main] INFO  testCases.TC003_LoginDDT -***** Ending TC003_LoginDDT *****
16:22:23.189 [main] INFO  testCases.TC003_LoginDDT -***** Starting TC003_LoginDDT *****
16:22:27.669 [main] ERROR testCases.TC003_LoginDDT -Login test failed
16:22:28.463 [main] INFO  testCases.TC003_LoginDDT -***** Starting TC003_LoginDDT *****
16:22:43.084 [main] INFO  testCases.TC003_LoginDDT -Login test passed
16:22:43.085 [main] INFO  testCases.TC003_LoginDDT -***** Ending TC003_LoginDDT *****
16:22:43.089 [main] INFO  testCases.TC003_LoginDDT -***** Starting TC003_LoginDDT *****
16:22:57.634 [main] INFO  testCases.TC003_LoginDDT -Login test passed
16:22:57.634 [main] INFO  testCases.TC003_LoginDDT -***** Ending TC003_LoginDDT *****
16:22:57.648 [main] INFO  testCases.TC003_LoginDDT -***** Starting TC003_LoginDDT *****
16:23:02.371 [main] ERROR testCases.TC003_LoginDDT -Login test failed
19:11:47.356 [main] DEBUG org.testng.TestNG -suiteXmlPath: "C:\Users\Lenovo\Downloads\OpenCart1\master.xml"
19:11:49.141 [main] INFO  org.testng.internal.Utils -[TestNG] Running:
  C:\Users\Lenovo\Downloads\OpenCart1\master.xml

19:12:25.816 [main] DEBUG org.apache.poi.openxml4j.opc.PackageRelationshipCollection -Parsing relationship: /xl/_rels/workbook.xml.rels
19:12:25.821 [main] DEBUG org.apache.poi.openxml4j.opc.PackageRelationshipCollection -Parsing relationship: /xl/worksheets/_rels/sheet1.xml.rels
19:12:25.825 [main] DEBUG org.apache.poi.openxml4j.opc.PackageRelationshipCollection -Parsing relationship: /_rels/.rels
19:12:35.159 [main] DEBUG org.apache.poi.openxml4j.opc.PackageRelationshipCollection -Parsing relationship: /xl/_rels/workbook.xml.rels
19:12:35.163 [main] DEBUG org.apache.poi.openxml4j.opc.PackageRelationshipCollection -Parsing relationship: /xl/worksheets/_rels/sheet1.xml.rels
19:12:35.166 [main] DEBUG org.apache.poi.openxml4j.opc.PackageRelationshipCollection -Parsing relationship: /_rels/.rels
19:12:35.216 [main] DEBUG org.apache.poi.openxml4j.opc.PackageRelationshipCollection -Parsing relationship: /xl/_rels/workbook.xml.rels
19:12:35.218 [main] DEBUG org.apache.poi.openxml4j.opc.PackageRelationshipCollection -Parsing relationship: /xl/worksheets/_rels/sheet1.xml.rels
19:12:35.220 [main] DEBUG org.apache.poi.openxml4j.opc.PackageRelationshipCollection -Parsing relationship: /_rels/.rels
19:12:35.306 [main] DEBUG org.apache.poi.openxml4j.opc.PackageRelationshipCollection -Parsing relationship: /xl/_rels/workbook.xml.rels
19:12:35.309 [main] DEBUG org.apache.poi.openxml4j.opc.PackageRelationshipCollection -Parsing relationship: /xl/worksheets/_rels/sheet1.xml.rels
19:12:35.310 [main] DEBUG org.apache.poi.openxml4j.opc.PackageRelationshipCollection -Parsing relationship: /_rels/.rels
19:12:35.350 [main] DEBUG org.apache.poi.openxml4j.opc.PackageRelationshipCollection -Parsing relationship: /xl/_rels/workbook.xml.rels
19:12:35.351 [main] DEBUG org.apache.poi.openxml4j.opc.PackageRelationshipCollection -Parsing relationship: /xl/worksheets/_rels/sheet1.xml.rels
19:12:35.352 [main] DEBUG org.apache.poi.openxml4j.opc.PackageRelationshipCollection -Parsing relationship: /_rels/.rels
19:12:35.400 [main] DEBUG org.apache.poi.openxml4j.opc.PackageRelationshipCollection -Parsing relationship: /xl/_rels/workbook.xml.rels
19:12:35.401 [main] DEBUG org.apache.poi.openxml4j.opc.PackageRelationshipCollection -Parsing relationship: /xl/worksheets/_rels/sheet1.xml.rels
19:12:35.403 [main] DEBUG org.apache.poi.openxml4j.opc.PackageRelationshipCollection -Parsing relationship: /_rels/.rels
19:12:35.449 [main] DEBUG org.apache.poi.openxml4j.opc.PackageRelationshipCollection -Parsing relationship: /xl/_rels/workbook.xml.rels
19:12:35.451 [main] DEBUG org.apache.poi.openxml4j.opc.PackageRelationshipCollection -Parsing relationship: /xl/worksheets/_rels/sheet1.xml.rels
19:12:35.452 [main] DEBUG org.apache.poi.openxml4j.opc.PackageRelationshipCollection -Parsing relationship: /_rels/.rels
19:12:35.494 [main] DEBUG org.apache.poi.openxml4j.opc.PackageRelationshipCollection -Parsing relationship: /xl/_rels/workbook.xml.rels
19:12:35.495 [main] DEBUG org.apache.poi.openxml4j.opc.PackageRelationshipCollection -Parsing relationship: /xl/worksheets/_rels/sheet1.xml.rels
19:12:35.496 [main] DEBUG org.apache.poi.openxml4j.opc.PackageRelationshipCollection -Parsing relationship: /_rels/.rels
19:12:35.543 [main] DEBUG org.apache.poi.openxml4j.opc.PackageRelationshipCollection -Parsing relationship: /xl/_rels/workbook.xml.rels
19:12:35.545 [main] DEBUG org.apache.poi.openxml4j.opc.PackageRelationshipCollection -Parsing relationship: /xl/worksheets/_rels/sheet1.xml.rels
19:12:35.547 [main] DEBUG org.apache.poi.openxml4j.opc.PackageRelationshipCollection -Parsing relationship: /_rels/.rels
19:12:35.581 [main] DEBUG org.apache.poi.openxml4j.opc.PackageRelationshipCollection -Parsing relationship: /xl/_rels/workbook.xml.rels
19:12:35.582 [main] DEBUG org.apache.poi.openxml4j.opc.PackageRelationshipCollection -Parsing relationship: /xl/worksheets/_rels/sheet1.xml.rels
19:12:35.584 [main] DEBUG org.apache.poi.openxml4j.opc.PackageRelationshipCollection -Parsing relationship: /_rels/.rels
19:12:35.620 [main] DEBUG org.apache.poi.openxml4j.opc.PackageRelationshipCollection -Parsing relationship: /xl/_rels/workbook.xml.rels
19:12:35.621 [main] DEBUG org.apache.poi.openxml4j.opc.PackageRelationshipCollection -Parsing relationship: /xl/worksheets/_rels/sheet1.xml.rels
